1696772716007	geckodriver	INFO	Listening on 127.0.0.1:63167
1696772719043	mozrunner::runner	INFO	Running command: "C:\\Program Files\\Mozilla Firefox\\firefox.exe" "--marionette" "--remote-debugging-port" "63168" "--remote-allow-hosts" "localhost" "-no-remote" "-profile" "C:\\Users\\swthas\\AppData\\Local\\Temp\\rust_mozprofiley3yN2y"
1696773187374	geckodriver	INFO	Listening on 127.0.0.1:63519
1696773190395	mozrunner::runner	INFO	Running command: "C:\\Program Files\\Mozilla Firefox\\firefox.exe" "--marionette" "--remote-debugging-port" "63520" "--remote-allow-hosts" "localhost" "-no-remote" "-profile" "C:\\Users\\swthas\\AppData\\Local\\Temp\\rust_mozprofilezPto9Y"
console.warn: services.settings: Ignoring preference override of remote settings server
console.warn: services.settings: Allow by setting MOZ_REMOTE_SETTINGS_DEVTOOLS=1 in the environment
1696773191593	Marionette	INFO	Marionette enabled
Dynamically enable window occlusion 0
1696773191744	Marionette	INFO	Listening on port 63529
WebDriver BiDi listening on ws://127.0.0.1:63520
Read port: 63529
1696773191975	RemoteAgent	WARN	TLS certificate errors will be ignored for this session
JavaScript error: resource://gre/modules/TelemetryUtils.sys.mjs, line 143: TypeError: date is undefined
console.error: PushService: 
  stateChangeProcessEnqueue: Error transitioning state
  QuotaExceededError
console.error: (new AbortError("IndexedDB: blocklists/gfx getLastModified() IndexedDB:  execute() A request was aborted, for example through a call to IDBTransaction.abort.", "resource://services-settings/IDBHelpers.jsm", 18))
console.error: (new NotReadableError("Could not write chunk (size = 43715) to file C:\\Users\\swthas\\AppData\\Local\\Temp\\rust_mozprofilezPto9Y\\extensions.json.tmp. The file may be corrupt.", (void 0)))
DevTools listening on ws://127.0.0.1:63520/devtools/browser/60050f60-bc6e-4a16-bd9d-5fb4e37f49fe
console.error: (new AbortError("IndexedDB: main/url-classifier-skip-urls getLastModified() IndexedDB:  execute() A request was aborted, for example through a call to IDBTransaction.abort.", "resource://services-settings/IDBHelpers.jsm", 18))
console.error: (new NotReadableError("Could not write chunk (size = 114914) to file C:\\Users\\swthas\\AppData\\Local\\Temp\\rust_mozprofilezPto9Y\\startupCache\\webext.sc.lz4.tmp. The file may be corrupt.", (void 0)))
console.error: (new NotReadableError("Could not write chunk (size = 875) to file C:\\Users\\swthas\\AppData\\Local\\Temp\\rust_mozprofilezPto9Y\\containers.json.tmp. The file may be corrupt.", (void 0)))
JavaScript error: resource://gre/modules/Sqlite.sys.mjs, line 1067: Error: Error(s) encountered during statement execution: unable to open database file
JavaScript error: undefined, line 0: Error: QuotaExceededError: storage.local API call exceeded its quota limitations.
[GFX1-]: shader-cache: Failed to write program binary: There is not enough space on the disk. (os error 112)
[ERROR webrender_bindings::program_cache] shader-cache: Failed to write program binary: There is not enough space on the disk. (os error 112)
[GFX1-]: shader-cache: Failed to write program binary: There is not enough space on the disk. (os error 112)
[ERROR webrender_bindings::program_cache] shader-cache: Failed to write program binary: There is not enough space on the disk. (os error 112)
console.error: "Could not write session state file " (new NotReadableError("Could not create directory at C:\\Users\\swthas\\AppData\\Local\\Temp\\rust_mozprofilezPto9Y\\sessionstore-backups", (void 0))) ""
[GFX1-]: shader-cache: Failed to create file: There is not enough space on the disk. (os error 112)
[ERROR webrender_bindings::program_cache] shader-cache: Failed to create file: There is not enough space on the disk. (os error 112)
console.error: (new NotReadableError("Could not write chunk (size = 43715) to file C:\\Users\\swthas\\AppData\\Local\\Temp\\rust_mozprofilezPto9Y\\extensions.json.tmp. The file may be corrupt.", (void 0)))
console.error: services.settings: 
console.error: services.settings: 
console.error: (new AbortError("IndexedDB: main/public-suffix-list getLastModified() IndexedDB:  execute() A request was aborted, for example through a call to IDBTransaction.abort.", "resource://services-settings/IDBHelpers.jsm", 18))
console.error: "Problem getting stored prefs for TopSites"
JavaScript error: , line 0: uncaught exception: null
JavaScript error: resource://gre/modules/PromiseWorker.sys.mjs, line 102: Error: Could not get children of file(C:\Users\swthas\AppData\Local\Temp\rust_mozprofilezPto9Y\thumbnails) because it does not exist
JavaScript error: resource://gre/modules/PromiseWorker.sys.mjs, line 102: Error: Could not get children of file(C:\Users\swthas\AppData\Local\Temp\rust_mozprofilezPto9Y\thumbnails) because it does not exist
JavaScript error: resource://gre/modules/PromiseWorker.sys.mjs, line 102: Error: Could not get children of file(C:\Users\swthas\AppData\Local\Temp\rust_mozprofilezPto9Y\thumbnails) because it does not exist
1696786739541	Marionette	INFO	Stopped listening on port 63529
Dynamically enable window occlusion 1
